  TextureLoader.cpp
e:\opengl_lib\opengl_prj\opengl_ln\opengl_ln\texture.h(3): fatal error C1083: 无法打开包括文件: “glad\glad.h”: No such file or directory
  Texture.cpp
e:\opengl_lib\opengl_prj\opengl_ln\opengl_ln\texture.h(3): fatal error C1083: 无法打开包括文件: “glad\glad.h”: No such file or directory
  stb_image.cpp
  Shader.cpp
e:\opengl_lib\opengl_prj\opengl_ln\opengl_ln\shader.h(3): fatal error C1083: 无法打开包括文件: “glad\glad.h”: No such file or directory
  ModelLoader.cpp
e:\opengl_lib\opengl_prj\opengl_ln\opengl_ln\modelloader.h(7): fatal error C1083: 无法打开包括文件: “assimp/Importer.hpp”: No such file or directory
  Model.cpp
e:\opengl_lib\opengl_prj\opengl_ln\opengl_ln\model.h(2): fatal error C1083: 无法打开包括文件: “assimp/scene.h”: No such file or directory
  Mesh.cpp
e:\opengl_lib\opengl_prj\opengl_ln\opengl_ln\mesh.h(2): fatal error C1083: 无法打开包括文件: “glm\glm.hpp”: No such file or directory
  main.cpp
e:\opengl_lib\opengl_prj\opengl_ln\opengl_ln\main.cpp(1): fatal error C1083: 无法打开包括文件: “glad\glad.h”: No such file or directory
  Light.cpp
e:\opengl_lib\opengl_prj\opengl_ln\opengl_ln\light.h(2): fatal error C1083: 无法打开包括文件: “glm\glm.hpp”: No such file or directory
  IOUtils.cpp
e:\opengl_lib\opengl_prj\opengl_ln\opengl_ln\texture.h(3): fatal error C1083: 无法打开包括文件: “glad\glad.h”: No such file or directory
  EventRegisterMng.cpp
  Camera.cpp
e:\opengl_lib\opengl_prj\opengl_ln\opengl_ln\camera.h(2): fatal error C1083: 无法打开包括文件: “glm\glm.hpp”: No such file or directory
  正在生成代码...
